<?xml version="1.0" encoding="UTF-8"?>
<testsuite xmlns:xsi="http://www.w3.org/2001/XMLSchema-instance" xsi:noNamespaceSchemaLocation="https://maven.apache.org/surefire/maven-surefire-plugin/xsd/surefire-test-report.xsd" name="com.example.demo.RestApiApplicationTests" time="22.522" tests="8" errors="8" skipped="0" failures="0">
  <properties>
[...]
</properties>
  <testcase name="test1uploadTestWhenKeyIsGivenMD5" classname="com.example.demo.RestApiApplicationTests" time="3.894">
    <error message="Connection refused: connect" type="java.net.ConnectException">java.net.ConnectException: Connection refused: connect
	at com.example.demo.RestApiApplicationTests.test1uploadTestWhenKeyIsGivenMD5(RestApiApplicationTests.java:29)
</error>
    <system-out><![CDATA[11:10:08.209 [main] DEBUG org.springframework.test.context.junit4.SpringJUnit4ClassRunner - SpringJUnit4ClassRunner constructor called with [class com.example.demo.RestApiApplicationTests]
11:10:08.218 [main] DEBUG org.springframework.test.context.BootstrapUtils - Instantiating CacheAwareContextLoaderDelegate from class [org.springframework.test.context.cache.DefaultCacheAwareContextLoaderDelegate]
11:10:08.236 [main] DEBUG org.springframework.test.context.BootstrapUtils - Instantiating BootstrapContext using constructor [public org.springframework.test.context.support.DefaultBootstrapContext(java.lang.Class,org.springframework.test.context.CacheAwareContextLoaderDelegate)]
11:10:08.270 [main] DEBUG org.springframework.test.context.BootstrapUtils - Instantiating TestContextBootstrapper for test class [com.example.demo.RestApiApplicationTests] from class [org.springframework.boot.test.context.SpringBootTestContextBootstrapper]
11:10:08.295 [main] INFO org.springframework.boot.test.context.SpringBootTestContextBootstrapper - Neither @ContextConfiguration nor @ContextHierarchy found for test class [com.example.demo.RestApiApplicationTests], using SpringBootContextLoader
11:10:08.302 [main] DEBUG org.springframework.test.context.support.AbstractContextLoader - Did not detect default resource location for test class [com.example.demo.RestApiApplicationTests]: class path resource [com/example/demo/RestApiApplicationTests-context.xml] does not exist
11:10:08.303 [main] DEBUG org.springframework.test.context.support.AbstractContextLoader - Did not detect default resource location for test class [com.example.demo.RestApiApplicationTests]: class path resource [com/example/demo/RestApiApplicationTestsContext.groovy] does not exist
11:10:08.303 [main] INFO org.springframework.test.context.support.AbstractContextLoader - Could not detect default resource locations for test class [com.example.demo.RestApiApplicationTests]: no resource found for suffixes {-context.xml, Context.groovy}.
11:10:08.305 [main] INFO org.springframework.test.context.support.AnnotationConfigContextLoaderUtils - Could not detect default configuration classes for test class [com.example.demo.RestApiApplicationTests]: RestApiApplicationTests does not declare any static, non-private, non-final, nested classes annotated with @Configuration.
11:10:08.407 [main] DEBUG org.springframework.test.context.support.ActiveProfilesUtils - Could not find an 'annotation declaring class' for annotation type [org.springframework.test.context.ActiveProfiles] and class [com.example.demo.RestApiApplicationTests]
11:10:08.525 [main] DEBUG org.springframework.context.annotation.ClassPathScanningCandidateComponentProvider - Identified candidate component class: file [C:\eclipse-workspace\RestAPIApplication\target\classes\com\example\demo\RestApiApplication.class]
11:10:08.528 [main] INFO org.springframework.boot.test.context.SpringBootTestContextBootstrapper - Found @SpringBootConfiguration com.example.demo.RestApiApplication for test class com.example.demo.RestApiApplicationTests
11:10:08.692 [main] DEBUG org.springframework.boot.test.context.SpringBootTestContextBootstrapper - @TestExecutionListeners is not present for class [com.example.demo.RestApiApplicationTests]: using defaults.
11:10:08.693 [main] INFO org.springframework.boot.test.context.SpringBootTestContextBootstrapper - Loaded default TestExecutionListener class names from location [META-INF/spring.factories]: [org.springframework.boot.test.mock.mockito.MockitoTestExecutionListener, org.springframework.boot.test.mock.mockito.ResetMocksTestExecutionListener, org.springframework.boot.test.autoconfigure.restdocs.RestDocsTestExecutionListener, org.springframework.boot.test.autoconfigure.web.client.MockRestServiceServerResetTestExecutionListener, org.springframework.boot.test.autoconfigure.web.servlet.MockMvcPrintOnlyOnFailureTestExecutionListener, org.springframework.boot.test.autoconfigure.web.servlet.WebDriverTestExecutionListener, org.springframework.test.context.web.ServletTestExecutionListener, org.springframework.test.context.support.DirtiesContextBeforeModesTestExecutionListener, org.springframework.test.context.support.DependencyInjectionTestExecutionListener, org.springframework.test.context.support.DirtiesContextTestExecutionListener, org.springframework.test.context.transaction.TransactionalTestExecutionListener, org.springframework.test.context.jdbc.SqlScriptsTestExecutionListener]
11:10:08.724 [main] DEBUG org.springframework.boot.test.context.SpringBootTestContextBootstrapper - Skipping candidate TestExecutionListener [org.springframework.test.context.transaction.TransactionalTestExecutionListener] due to a missing dependency. Specify custom listener classes or make the default listener classes and their required dependencies available. Offending class: [org.springframework.transaction.interceptor.TransactionAttributeSource]
11:10:08.725 [main] DEBUG org.springframework.boot.test.context.SpringBootTestContextBootstrapper - Skipping candidate TestExecutionListener [org.springframework.test.context.jdbc.SqlScriptsTestExecutionListener] due to a missing dependency. Specify custom listener classes or make the default listener classes and their required dependencies available. Offending class: [org.springframework.transaction.interceptor.TransactionAttribute]
11:10:08.725 [main] INFO org.springframework.boot.test.context.SpringBootTestContextBootstrapper - Using TestExecutionListeners: [org.springframework.test.context.web.ServletTestExecutionListener@a56ce5a0, org.springframework.test.context.support.DirtiesContextBeforeModesTestExecutionListener@f9524d1e, org.springframework.boot.test.mock.mockito.MockitoTestExecutionListener@275b9465, org.springframework.boot.test.autoconfigure.SpringBootDependencyInjectionTestExecutionListener@4bdef9d9, org.springframework.test.context.support.DirtiesContextTestExecutionListener@a0eb573c, org.springframework.boot.test.mock.mockito.ResetMocksTestExecutionListener@561ecb58, org.springframework.boot.test.autoconfigure.restdocs.RestDocsTestExecutionListener@d3c535d3, org.springframework.boot.test.autoconfigure.web.client.MockRestServiceServerResetTestExecutionListener@11326a89, org.springframework.boot.test.autoconfigure.web.servlet.MockMvcPrintOnlyOnFailureTestExecutionListener@7373c4a1, org.springframework.boot.test.autoconfigure.web.servlet.WebDriverTestExecutionListener@1824298]
11:10:08.730 [main] DEBUG org.springframework.test.annotation.ProfileValueUtils - Retrieved @ProfileValueSourceConfiguration [null] for test class [com.example.demo.RestApiApplicationTests]
11:10:08.731 [main] DEBUG org.springframework.test.annotation.ProfileValueUtils - Retrieved ProfileValueSource type [class org.springframework.test.annotation.SystemProfileValueSource] for class [com.example.demo.RestApiApplicationTests]
11:10:08.734 [main] DEBUG org.springframework.test.annotation.ProfileValueUtils - Retrieved @ProfileValueSourceConfiguration [null] for test class [com.example.demo.RestApiApplicationTests]
11:10:08.734 [main] DEBUG org.springframework.test.annotation.ProfileValueUtils - Retrieved ProfileValueSource type [class org.springframework.test.annotation.SystemProfileValueSource] for class [com.example.demo.RestApiApplicationTests]
11:10:08.736 [main] DEBUG org.springframework.test.annotation.ProfileValueUtils - Retrieved @ProfileValueSourceConfiguration [null] for test class [com.example.demo.RestApiApplicationTests]
11:10:08.736 [main] DEBUG org.springframework.test.annotation.ProfileValueUtils - Retrieved ProfileValueSource type [class org.springframework.test.annotation.SystemProfileValueSource] for class [com.example.demo.RestApiApplicationTests]
11:10:08.741 [main] DEBUG org.springframework.test.context.support.AbstractDirtiesContextTestExecutionListener - Before test class: context [DefaultTestContext@efae0a05 testClass = RestApiApplicationTests, testInstance = [null], testMethod = [null], testException = [null], mergedContextConfiguration = [WebMergedContextConfiguration@72c9e41c testClass = RestApiApplicationTests, locations = '{}', classes = '{class com.example.demo.RestApiApplication}', contextInitializerClasses = '[]', activeProfiles = '{}', propertySourceLocations = '{}', propertySourceProperties = '{org.springframework.boot.test.context.SpringBootTestContextBootstrapper=true}', contextCustomizers = set[org.springframework.boot.test.context.filter.ExcludeFilterContextCustomizer@8c74e737, org.springframework.boot.test.json.DuplicateJsonObjectContextCustomizerFactory$DuplicateJsonObjectContextCustomizer@7111f14e, org.springframework.boot.test.mock.mockito.MockitoContextCustomizer@0, org.springframework.boot.test.web.client.TestRestTemplateContextCustomizer@145538db, org.springframework.boot.test.autoconfigure.properties.PropertyMappingContextCustomizer@0, org.springframework.boot.test.autoconfigure.web.servlet.WebDriverContextCustomizerFactory$Customizer@d982243d], resourceBasePath = 'src/main/webapp', contextLoader = 'org.springframework.boot.test.context.SpringBootContextLoader', parent = [null]], attributes = map['org.springframework.test.context.web.ServletTestExecutionListener.activateListener' -> true]], class annotated with @DirtiesContext [false] with mode [null].
11:10:08.743 [main] DEBUG org.springframework.test.annotation.ProfileValueUtils - Retrieved @ProfileValueSourceConfiguration [null] for test class [com.example.demo.RestApiApplicationTests]
11:10:08.743 [main] DEBUG org.springframework.test.annotation.ProfileValueUtils - Retrieved ProfileValueSource type [class org.springframework.test.annotation.SystemProfileValueSource] for class [com.example.demo.RestApiApplicationTests]
11:10:08.784 [main] DEBUG org.springframework.test.context.support.TestPropertySourceUtils - Adding inlined properties to environment: {spring.jmx.enabled=false, org.springframework.boot.test.context.SpringBootTestContextBootstrapper=true, server.port=-1}

  .   ____          _            __ _ _
 /\\ / ___'_ __ _ _(_)_ __  __ _ \ \ \ \
( ( )\___ | '_ | '_| | '_ \/ _` | \ \ \ \
 \\/  ___)| |_)| | | | | || (_| |  ) ) ) )
  '  |____| .__|_| |_|_| |_\__, | / / / /
 =========|_|==============|___/=/_/_/_/
 :: Spring Boot ::        (v2.1.9.RELEASE)

2019-10-23 11:10:09.222  INFO 36800 --- [           main] c.example.demo.RestApiApplicationTests   : Starting RestApiApplicationTests on USABOS286931L with PID 36800 (started by sisira.thomas in C:\eclipse-workspace\RestAPIApplication)
2019-10-23 11:10:09.223  INFO 36800 --- [           main] c.example.demo.RestApiApplicationTests   : No active profile set, falling back to default profiles: default
2019-10-23 11:10:09.699 TRACE 36800 --- [           main] o.s.w.c.s.GenericWebApplicationContext   : Refreshing org.springframework.web.context.support.GenericWebApplicationContext@283bce43, started on Wed Oct 23 11:10:09 PDT 2019
2019-10-23 11:10:10.862 TRACE 36800 --- [           main] o.s.w.c.s.GenericWebApplicationContext   : No 'messageSource' bean, using [Empty MessageSource]
2019-10-23 11:10:10.863 TRACE 36800 --- [           main] o.s.w.c.s.GenericWebApplicationContext   : No 'applicationEventMulticaster' bean, using [SimpleApplicationEventMulticaster]
2019-10-23 11:10:11.439 TRACE 36800 --- [           main] o.s.w.s.handler.SimpleUrlHandlerMapping  : Mapped [/**/favicon.ico] onto ResourceHttpRequestHandler [class path resource [META-INF/resources/], class path resource [resources/], class path resource [static/], class path resource [public/], ServletContext resource [/], class path resource []]
2019-10-23 11:10:11.439 DEBUG 36800 --- [           main] o.s.w.s.handler.SimpleUrlHandlerMapping  : Patterns [/**/favicon.ico] in 'faviconHandlerMapping'
2019-10-23 11:10:11.780  INFO 36800 --- [           main] o.s.s.concurrent.ThreadPoolTaskExecutor  : Initializing ExecutorService 'applicationTaskExecutor'
2019-10-23 11:10:11.829 DEBUG 36800 --- [           main] s.w.s.m.m.a.RequestMappingHandlerAdapter : ControllerAdvice beans: 0 @ModelAttribute, 0 @InitBinder, 1 RequestBodyAdvice, 1 ResponseBodyAdvice
2019-10-23 11:10:11.939 TRACE 36800 --- [           main] s.w.s.m.m.a.RequestMappingHandlerMapping : 
	c.e.d.c.FileManagementController:
	{POST /testApplicationContext/uploadData/{key}, consumes [multipart/form-data]}: uploadData(String,String,MultipartFile)
	{GET /testApplicationContext/downloadData/{key}}: downloadData(String,String,HttpServletResponse)
	{GET /testApplicationContext/removeData/{key}}: removeData(String,String)
2019-10-23 11:10:11.945 TRACE 36800 --- [           main] s.w.s.m.m.a.RequestMappingHandlerMapping : 
	o.s.b.a.w.s.e.BasicErrorController:
	{ /error, produces [text/html]}: errorHtml(HttpServletRequest,HttpServletResponse)
	{ /error}: error(HttpServletRequest)
2019-10-23 11:10:11.948 DEBUG 36800 --- [           main] s.w.s.m.m.a.RequestMappingHandlerMapping : 5 mappings in 'requestMappingHandlerMapping'
2019-10-23 11:10:11.990 DEBUG 36800 --- [           main] o.s.w.s.h.BeanNameUrlHandlerMapping      : Detected 0 mappings in 'beanNameHandlerMapping'
2019-10-23 11:10:11.999 TRACE 36800 --- [           main] o.s.w.s.handler.SimpleUrlHandlerMapping  : Mapped [/webjars/**] onto ResourceHttpRequestHandler ["classpath:/META-INF/resources/webjars/"]
2019-10-23 11:10:11.999 TRACE 36800 --- [           main] o.s.w.s.handler.SimpleUrlHandlerMapping  : Mapped [/**] onto ResourceHttpRequestHandler ["classpath:/META-INF/resources/", "classpath:/resources/", "classpath:/static/", "classpath:/public/", "/"]
2019-10-23 11:10:11.999 DEBUG 36800 --- [           main] o.s.w.s.handler.SimpleUrlHandlerMapping  : Patterns [/webjars/**, /**] in 'resourceHandlerMapping'
2019-10-23 11:10:12.023 DEBUG 36800 --- [           main] .m.m.a.ExceptionHandlerExceptionResolver : ControllerAdvice beans: 0 @ExceptionHandler, 1 ResponseBodyAdvice
2019-10-23 11:10:12.230 TRACE 36800 --- [           main] o.s.w.c.s.GenericWebApplicationContext   : No 'lifecycleProcessor' bean, using [DefaultLifecycleProcessor]
2019-10-23 11:10:12.254  INFO 36800 --- [           main] c.example.demo.RestApiApplicationTests   : Started RestApiApplicationTests in 3.458 seconds (JVM running for 4.88)
]]></system-out>
  </testcase>
  <testcase name="test2uploadTestWhenKeyIsNotPresentMD5" classname="com.example.demo.RestApiApplicationTests" time="2.045">
    <error message="Connection refused: connect" type="java.net.ConnectException">java.net.ConnectException: Connection refused: connect
	at com.example.demo.RestApiApplicationTests.test2uploadTestWhenKeyIsNotPresentMD5(RestApiApplicationTests.java:41)
</error>
  </testcase>
  <testcase name="test3uploadTestWhenKeyIsGivenSHA256" classname="com.example.demo.RestApiApplicationTests" time="2.057">
    <error message="Connection refused: connect" type="java.net.ConnectException">java.net.ConnectException: Connection refused: connect
	at com.example.demo.RestApiApplicationTests.test3uploadTestWhenKeyIsGivenSHA256(RestApiApplicationTests.java:51)
</error>
  </testcase>
  <testcase name="test4uploadTestWhenKeyIsNotPresentSHA256" classname="com.example.demo.RestApiApplicationTests" time="2.052">
    <error message="Connection refused: connect" type="java.net.ConnectException">java.net.ConnectException: Connection refused: connect
	at com.example.demo.RestApiApplicationTests.test4uploadTestWhenKeyIsNotPresentSHA256(RestApiApplicationTests.java:64)
</error>
  </testcase>
  <testcase name="test5downloadDataWithFileKey" classname="com.example.demo.RestApiApplicationTests" time="2.083">
    <error message="Connection refused: connect" type="java.net.ConnectException">java.net.ConnectException: Connection refused: connect
	at com.example.demo.RestApiApplicationTests.test5downloadDataWithFileKey(RestApiApplicationTests.java:71)
</error>
  </testcase>
  <testcase name="test6downloadDataWithoutKey" classname="com.example.demo.RestApiApplicationTests" time="2.041">
    <error message="Connection refused: connect" type="java.net.ConnectException">java.net.ConnectException: Connection refused: connect
	at com.example.demo.RestApiApplicationTests.test6downloadDataWithoutKey(RestApiApplicationTests.java:82)
</error>
  </testcase>
  <testcase name="test7removeDataWithKey" classname="com.example.demo.RestApiApplicationTests" time="2.034">
    <error message="Connection refused: connect" type="java.net.ConnectException">java.net.ConnectException: Connection refused: connect
	at com.example.demo.RestApiApplicationTests.test7removeDataWithKey(RestApiApplicationTests.java:89)
</error>
  </testcase>
  <testcase name="test8removeDataWithoutKey" classname="com.example.demo.RestApiApplicationTests" time="2.048">
    <error message="Connection refused: connect" type="java.net.ConnectException">java.net.ConnectException: Connection refused: connect
	at com.example.demo.RestApiApplicationTests.test8removeDataWithoutKey(RestApiApplicationTests.java:99)
</error>
  </testcase>
</testsuite>